<?xml version="1.0" encoding="UTF-8"?>
<!-- Generated by org.testng.reporters.JUnitReportReporter -->
<testsuite hostname="DESKTOP-EKTU0VS" failures="0" tests="1" name="OrgTest.CreateOrgTest" time="0.047" errors="0" timestamp="21 May 2024 09:19:48 GMT" skipped="0">
  <testcase classname="OrgTest.CreateOrgTest" name="modifyOrgTest" time="0.047"/>
</testsuite> <!-- OrgTest.CreateOrgTest -->
